<?xml version="1.0" encoding="UTF-8"?>
<!-- Generated by org.testng.reporters.JUnitReportReporter -->
<testsuite hostname="Sathvik" name="org.allclasses.BothIncorrect" tests="2" failures="0" timestamp="25 Apr 2022 03:23:32 GMT" time="37.067" errors="0">
  <testcase name="BothIncorrectes" time="10.793" classname="org.allclasses.BothIncorrect"/>
  <testcase name="BothIncorrectes" time="26.274" classname="org.allclasses.BothIncorrect"/>
</testsuite> <!-- org.allclasses.BothIncorrect -->
