<?xml version="1.0" encoding="UTF-8"?>
<!-- Generated by org.testng.reporters.JUnitReportReporter -->
<testsuite hostname="Sathvik" name="org.Deleteallclases.DataProviderWithExcel" tests="4" failures="0" timestamp="25 Apr 2022 06:53:51 GMT" time="31.813" errors="0">
  <testcase name="bothIncorrectes" time="4.654" classname="org.Deleteallclases.DataProviderWithExcel"/>
  <testcase name="bothIncorrectes" time="4.677" classname="org.Deleteallclases.DataProviderWithExcel"/>
  <testcase name="bothIncorrectes" time="10.753" classname="org.Deleteallclases.DataProviderWithExcel"/>
  <testcase name="bothIncorrectes" time="11.729" classname="org.Deleteallclases.DataProviderWithExcel"/>
</testsuite> <!-- org.Deleteallclases.DataProviderWithExcel -->
