<?xml version="1.0" encoding="UTF-8"?>
<!-- Generated by org.testng.reporters.JUnitReportReporter -->
<testsuite hostname="Sathvik" name="org.allclasses.CorrectUsername" tests="1" failures="0" timestamp="25 Apr 2022 02:58:08 GMT" time="13.496" errors="0">
  <testcase name="bothcorrect" time="13.496" classname="org.allclasses.CorrectUsername"/>
</testsuite> <!-- org.allclasses.CorrectUsername -->
