<?xml version="1.0" encoding="UTF-8"?>
<!-- Generated by org.testng.reporters.JUnitReportReporter -->
<testsuite hostname="Sathvik" name="org.allclasses.WrongUserCorrectPass" tests="1" failures="0" timestamp="25 Apr 2022 03:23:32 GMT" time="9.933" errors="0">
  <testcase name="WrongUserCorrectPasses" time="9.933" classname="org.allclasses.WrongUserCorrectPass"/>
</testsuite> <!-- org.allclasses.WrongUserCorrectPass -->
