<?xml version="1.0" encoding="UTF-8"?>
<!-- Generated by org.testng.reporters.JUnitReportReporter -->
<testsuite hostname="Sathvik" name="org.allclasses.CorrectUserWrongPass" tests="1" failures="0" timestamp="25 Apr 2022 03:23:32 GMT" time="10.938" errors="0">
  <testcase name="CorrectUserWrongPasses" time="10.938" classname="org.allclasses.CorrectUserWrongPass"/>
</testsuite> <!-- org.allclasses.CorrectUserWrongPass -->
