<?xml version="1.0" encoding="UTF-8"?>
<!-- Generated by org.testng.reporters.JUnitReportReporter -->
<testsuite hostname="Sathvik" name="org.Deleteallclases.BothIncorrect" tests="4" failures="0" timestamp="25 Apr 2022 05:35:01 GMT" time="53.148" errors="0">
  <testcase name="BothIncorrectes" time="9.318" classname="org.Deleteallclases.BothIncorrect"/>
  <testcase name="BothIncorrectes" time="9.573" classname="org.Deleteallclases.BothIncorrect"/>
  <testcase name="BothIncorrectes" time="10.005" classname="org.Deleteallclases.BothIncorrect"/>
  <testcase name="BothIncorrectes" time="24.252" classname="org.Deleteallclases.BothIncorrect"/>
</testsuite> <!-- org.Deleteallclases.BothIncorrect -->
